2020-02-08 12:57:02.120  INFO 33004 --- [main] lavalink.server.Launcher                 : 

[32m       .  [31m _                  _ _       _    [32m__ _ _
[32m      /\\ [31m| | __ ___   ____ _| (_)_ __ | | __[32m\ \ \ \
[32m     ( ( )[31m| |/ _` \ \ / / _` | | | '_ \| |/ /[32m \ \ \ \
[32m      \\/ [31m| | (_| |\ V / (_| | | | | | |   < [32m  ) ) ) )
[32m       '  [31m|_|\__,_| \_/ \__,_|_|_|_| |_|_|\_\[32m / / / /
[0m    =========================================[32m/_/_/_/[0m

	Version:        4f53d09491ba5254eb5c55c234a63b208388d3ef-SNAPSHOT
	Build:          965
	Build time:     28.12.2019 17:02:58 UTC
	Branch          master
	Commit:         4f53d09
	Commit time:    28.12.2019 17:00:51 UTC
	JVM:            11.0.5
	Lavaplayer      1.3.32

2020-02-08 12:57:02.222  INFO 33004 --- [main] lavalink.server.Launcher                 : Starting Launcher on DESKTOP-F9HRLN3 with PID 33004 (C:\Users\marti\Desktop\ChateauBot\lavalink\Lavalink.jar started by marti in C:\Users\marti\Desktop\ChateauBot\lavalink)
2020-02-08 12:57:02.222  INFO 33004 --- [main] lavalink.server.Launcher                 : No active profile set, falling back to default profiles: default
2020-02-08 12:57:02.308  WARN 33004 --- [background-preinit] o.s.h.c.j.Jackson2ObjectMapperBuilder    : For Jackson Kotlin classes support please add "com.fasterxml.jackson.module:jackson-module-kotlin" to the classpath
2020-02-08 12:57:03.139  WARN 33004 --- [main] io.undertow.websockets.jsr               : UT026010: Buffer pool was not set on WebSocketDeploymentInfo, the default pool will be used
2020-02-08 12:57:03.160  INFO 33004 --- [main] io.undertow.servlet                      : Initializing Spring embedded WebApplicationContext
2020-02-08 12:57:03.160  INFO 33004 --- [main] o.s.web.context.ContextLoader            : Root WebApplicationContext: initialization completed in 904 ms
2020-02-08 12:57:03.511  WARN 33004 --- [main] l.server.config.SentryConfiguration      : Turning off sentry
2020-02-08 12:57:03.521  INFO 33004 --- [main] l.s.c.AudioSendFactoryConfiguration      : OS: Windows 10, Arch: amd64
2020-02-08 12:57:03.522  INFO 33004 --- [main] l.s.c.AudioSendFactoryConfiguration      : JDA-NAS supported system detected. Enabled native audio sending.
2020-02-08 12:57:03.522  INFO 33004 --- [main] l.s.c.AudioSendFactoryConfiguration      : Setting buffer to 400ms
2020-02-08 12:57:03.522  INFO 33004 --- [main] l.s.c.AudioSendFactoryConfiguration      : Setting playlist load limit to 6
2020-02-08 12:57:03.827  INFO 33004 --- [main] c.s.d.l.tools.GarbageCollectionMonitor   : GC monitoring enabled, reporting results every 2 minutes.
2020-02-08 12:57:04.083  INFO 33004 --- [main] o.s.s.concurrent.ThreadPoolTaskExecutor  : Initializing ExecutorService 'applicationTaskExecutor'
2020-02-08 12:57:04.326  INFO 33004 --- [main] org.xnio                                 : XNIO version 3.3.8.Final
2020-02-08 12:57:04.334  INFO 33004 --- [main] org.xnio.nio                             : XNIO NIO Implementation Version 3.3.8.Final
2020-02-08 12:57:04.404  INFO 33004 --- [main] o.s.b.w.e.u.UndertowServletWebServer     : Undertow started on port(s) 2333 (http) with context path ''
2020-02-08 12:57:04.407  INFO 33004 --- [main] lavalink.server.Launcher                 : Started Launcher in 2.676 seconds (JVM running for 3.207)
2020-02-08 12:57:10.771  INFO 33004 --- [XNIO-1 task-1] io.undertow.servlet                      : Initializing Spring DispatcherServlet 'dispatcherServlet'
2020-02-08 12:57:10.771  INFO 33004 --- [XNIO-1 task-1] o.s.web.servlet.DispatcherServlet        : Initializing Servlet 'dispatcherServlet'
2020-02-08 12:57:10.778  INFO 33004 --- [XNIO-1 task-1] o.s.web.servlet.DispatcherServlet        : Completed initialization in 6 ms
2020-02-08 12:57:10.796  INFO 33004 --- [XNIO-1 task-1] l.server.io.HandshakeInterceptorImpl     : Incoming connection from /127.0.0.1:54573
2020-02-08 12:57:10.846  INFO 33004 --- [XNIO-1 task-1] c.s.d.l.tools.GarbageCollectionMonitor   : GC monitoring enabled, reporting results every 2 minutes.
2020-02-08 12:57:10.901  INFO 33004 --- [XNIO-1 task-1] lavalink.server.io.SocketServer          : Connection successfully established from /127.0.0.1:54573
2020-02-08 13:07:27.856  INFO 33004 --- [XNIO-1 task-2] l.server.player.AudioLoaderRestHandler   : GET /loadtracks
2020-02-08 13:07:28.090  INFO 33004 --- [XNIO-1 I/O-3] lavalink.server.io.SocketServer          : {"sessionId":"e241b6372d1d1e842c033dbc7af85e09","op":"voiceUpdate","guildId":"675471085176881192","event":{"token":"9c6d0ae6ceb35ca4","guild_id":"675471085176881192","endpoint":"eu-central43.discord.media:80"}}
2020-02-08 13:07:28.771  INFO 33004 --- [lava-daemon-pool-info-loader-2-thread-1] lavalink.server.player.AudioLoader       : Loaded playlist Search results for: sang
2020-02-08 13:07:40.110  INFO 33004 --- [XNIO-1 I/O-3] lavalink.server.io.SocketServer          : {"op":"play","guildId":"675471085176881192","track":"QAAAtwIAWkRlc3BhY2l0byBub3JzayBwYXJvZGkgZHViLSBEZXNwYWRyaXRvLULDpnNqZSBzYW5nKERlc3BhY2l0byBwb29wKe2gve2yqe2gve2yqe2gve2yqe2gve2yqQADTURXAAAAAAADODgAC092NGRhSmZoTzkwAAEAK2h0dHBzOi8vd3d3LnlvdXR1YmUuY29tL3dhdGNoP3Y9T3Y0ZGFKZmhPOTAAB3lvdXR1YmUAAAAAAAAAAA=="}
2020-02-08 13:09:40.821  INFO 33004 --- [XNIO-1 I/O-3] lavalink.server.io.SocketServer          : {"op":"stop","guildId":"675471085176881192"}
2020-02-08 13:16:45.773  INFO 33004 --- [XNIO-1 I/O-3] lavalink.server.io.SocketServer          : Connection closed from /127.0.0.1:54573 -- CloseStatus[code=1006, reason=]
2020-02-08 13:16:45.774  INFO 33004 --- [XNIO-1 I/O-3] lavalink.server.io.SocketContext         : Shutting down 0 playing players.
2020-02-08 13:16:45.775  INFO 33004 --- [XNIO-1 I/O-3] c.s.d.l.tools.GarbageCollectionMonitor   : GC monitoring disabled.
2020-02-08 13:16:53.086  INFO 33004 --- [XNIO-1 task-4] l.server.io.HandshakeInterceptorImpl     : Incoming connection from /127.0.0.1:55278
2020-02-08 13:16:53.089  INFO 33004 --- [XNIO-1 task-4] c.s.d.l.tools.GarbageCollectionMonitor   : GC monitoring enabled, reporting results every 2 minutes.
2020-02-08 13:16:53.093  INFO 33004 --- [XNIO-1 task-4] lavalink.server.io.SocketServer          : Connection successfully established from /127.0.0.1:55278
2020-02-08 13:41:44.097  INFO 33004 --- [XNIO-1 task-5] l.server.player.AudioLoaderRestHandler   : GET /loadtracks
2020-02-08 13:41:44.336  INFO 33004 --- [XNIO-1 I/O-6] lavalink.server.io.SocketServer          : {"sessionId":"540ef906d5b88dfc3a94e7f747b72957","op":"voiceUpdate","guildId":"675471085176881192","event":{"token":"9979e098fd3153c1","guild_id":"675471085176881192","endpoint":"eu-central164.discord.media:80"}}
2020-02-08 13:41:44.745  INFO 33004 --- [lava-daemon-pool-info-loader-2-thread-1] lavalink.server.player.AudioLoader       : Loaded playlist Search results for: nf
2020-02-08 13:41:47.889  INFO 33004 --- [XNIO-1 I/O-6] lavalink.server.io.SocketServer          : {"op":"play","guildId":"675471085176881192","track":"QAAAdgIAEU5GIC0gUEFJRCBNWSBEVUVTAAtORnJlYWxtdXNpYwAAAAAAA19IAAtMTEFna2U3UXByTQABACtodHRwczovL3d3dy55b3V0dWJlLmNvbS93YXRjaD92PUxMQWdrZTdRcHJNAAd5b3V0dWJlAAAAAAAAAAA="}
2020-02-08 14:00:05.892  INFO 33004 --- [XNIO-1 I/O-6] lavalink.server.io.SocketServer          : {"op":"destroy","guildId":"675471085176881192"}
